1677206218738	geckodriver	INFO	Listening on 127.0.0.1:50807
1677206219218	mozrunner::runner	INFO	Running command: "/Applications/Firefox.app/Contents/MacOS/firefox-bin" "--marionette" "--headless" "--remote-debugging-port" ... s" "localhost" "-foreground" "-no-remote" "-profile" "/var/folders/1h/4w391kn52y51w5mmd37_xfn80000gq/T/rust_mozprofileDMDTcq"
*** You are running in headless mode.
console.warn: services.settings: Ignoring preference override of remote settings server
console.warn: services.settings: Allow by setting MOZ_REMOTE_SETTINGS_DEVTOOLS=1 in the environment
console.error: Policies.jsm: 
  Unable to find certificate - gnm_root_ca.cer
1677206219651	Marionette	INFO	Marionette enabled
1677206219778	Marionette	INFO	Listening on port 50821
console.error: "Warning: unrecognized command line flag -remote-allow-hosts\n"
Read port: 50821
WebDriver BiDi listening on ws://127.0.0.1:50808
1677206220026	RemoteAgent	WARN	TLS certificate errors will be ignored for this session
[GFX1-]: RenderCompositorSWGL failed mapping default framebuffer, no dt
console.warn: SearchSettings: "get: No settings file exists, new profile?" (new NotFoundError("Could not open the file at /var/folders/1h/4w391kn52y51w5mmd37_xfn80000gq/T/rust_mozprofileDMDTcq/search.json.mozlz4", (void 0)))
DevTools listening on ws://127.0.0.1:50808/devtools/browser/efab6eb8-b2d5-4d3e-9214-6f2d707b031f
1677206266918	geckodriver	INFO	Listening on 127.0.0.1:50880
1677206267441	mozrunner::runner	INFO	Running command: "/Applications/Firefox.app/Contents/MacOS/firefox-bin" "--marionette" "--headless" "--remote-debugging-port" ... s" "localhost" "-foreground" "-no-remote" "-profile" "/var/folders/1h/4w391kn52y51w5mmd37_xfn80000gq/T/rust_mozprofileBWVEB6"
*** You are running in headless mode.
console.warn: services.settings: Ignoring preference override of remote settings server
console.warn: services.settings: Allow by setting MOZ_REMOTE_SETTINGS_DEVTOOLS=1 in the environment
console.error: Policies.jsm: 
  Unable to find certificate - gnm_root_ca.cer
1677206267803	Marionette	INFO	Marionette enabled
1677206267868	Marionette	INFO	Listening on port 50888
console.error: "Warning: unrecognized command line flag -remote-allow-hosts\n"
Read port: 50888
WebDriver BiDi listening on ws://127.0.0.1:50881
1677206268342	RemoteAgent	WARN	TLS certificate errors will be ignored for this session
[GFX1-]: RenderCompositorSWGL failed mapping default framebuffer, no dt
console.warn: SearchSettings: "get: No settings file exists, new profile?" (new NotFoundError("Could not open the file at /var/folders/1h/4w391kn52y51w5mmd37_xfn80000gq/T/rust_mozprofileBWVEB6/search.json.mozlz4", (void 0)))
DevTools listening on ws://127.0.0.1:50881/devtools/browser/4866f626-8954-4422-8404-7316437c551d
1677206369513	geckodriver	INFO	Listening on 127.0.0.1:50949
1677206370033	mozrunner::runner	INFO	Running command: "/Applications/Firefox.app/Contents/MacOS/firefox-bin" "--marionette" "--headless" "--remote-debugging-port" ... s" "localhost" "-foreground" "-no-remote" "-profile" "/var/folders/1h/4w391kn52y51w5mmd37_xfn80000gq/T/rust_mozprofile81ezCx"
*** You are running in headless mode.
console.warn: services.settings: Ignoring preference override of remote settings server
console.warn: services.settings: Allow by setting MOZ_REMOTE_SETTINGS_DEVTOOLS=1 in the environment
console.error: Policies.jsm: 
  Unable to find certificate - gnm_root_ca.cer
1677206370398	Marionette	INFO	Marionette enabled
1677206370452	Marionette	INFO	Listening on port 50958
console.error: "Warning: unrecognized command line flag -remote-allow-hosts\n"
Read port: 50958
WebDriver BiDi listening on ws://127.0.0.1:50950
1677206370891	RemoteAgent	WARN	TLS certificate errors will be ignored for this session
[GFX1-]: RenderCompositorSWGL failed mapping default framebuffer, no dt
console.warn: SearchSettings: "get: No settings file exists, new profile?" (new NotFoundError("Could not open the file at /var/folders/1h/4w391kn52y51w5mmd37_xfn80000gq/T/rust_mozprofile81ezCx/search.json.mozlz4", (void 0)))
DevTools listening on ws://127.0.0.1:50950/devtools/browser/d82cc139-6557-47c2-81a2-63b335c15a9f
1677206468978	geckodriver	INFO	Listening on 127.0.0.1:51024
1677206469503	mozrunner::runner	INFO	Running command: "/Applications/Firefox.app/Contents/MacOS/firefox-bin" "--marionette" "--headless" "--remote-debugging-port" ... s" "localhost" "-foreground" "-no-remote" "-profile" "/var/folders/1h/4w391kn52y51w5mmd37_xfn80000gq/T/rust_mozprofilenEEOmO"
*** You are running in headless mode.
console.warn: services.settings: Ignoring preference override of remote settings server
console.warn: services.settings: Allow by setting MOZ_REMOTE_SETTINGS_DEVTOOLS=1 in the environment
console.error: Policies.jsm: 
  Unable to find certificate - gnm_root_ca.cer
1677206469887	Marionette	INFO	Marionette enabled
1677206469942	Marionette	INFO	Listening on port 51033
console.error: "Warning: unrecognized command line flag -remote-allow-hosts\n"
Read port: 51033
WebDriver BiDi listening on ws://127.0.0.1:51025
1677206470418	RemoteAgent	WARN	TLS certificate errors will be ignored for this session
[GFX1-]: RenderCompositorSWGL failed mapping default framebuffer, no dt
console.warn: SearchSettings: "get: No settings file exists, new profile?" (new NotFoundError("Could not open the file at /var/folders/1h/4w391kn52y51w5mmd37_xfn80000gq/T/rust_mozprofilenEEOmO/search.json.mozlz4", (void 0)))
DevTools listening on ws://127.0.0.1:51025/devtools/browser/ee1d243d-2f1f-4163-af42-435535b131e3
1677206496441	geckodriver	INFO	Listening on 127.0.0.1:51088
1677206496966	mozrunner::runner	INFO	Running command: "/Applications/Firefox.app/Contents/MacOS/firefox-bin" "--marionette" "--headless" "--remote-debugging-port" ... s" "localhost" "-foreground" "-no-remote" "-profile" "/var/folders/1h/4w391kn52y51w5mmd37_xfn80000gq/T/rust_mozprofileYoGu02"
*** You are running in headless mode.
console.warn: services.settings: Ignoring preference override of remote settings server
console.warn: services.settings: Allow by setting MOZ_REMOTE_SETTINGS_DEVTOOLS=1 in the environment
console.error: Policies.jsm: 
  Unable to find certificate - gnm_root_ca.cer
1677206497339	Marionette	INFO	Marionette enabled
1677206497487	Marionette	INFO	Listening on port 51097
console.error: "Warning: unrecognized command line flag -remote-allow-hosts\n"
Read port: 51097
WebDriver BiDi listening on ws://127.0.0.1:51089
1677206497808	RemoteAgent	WARN	TLS certificate errors will be ignored for this session
[GFX1-]: RenderCompositorSWGL failed mapping default framebuffer, no dt
console.warn: SearchSettings: "get: No settings file exists, new profile?" (new NotFoundError("Could not open the file at /var/folders/1h/4w391kn52y51w5mmd37_xfn80000gq/T/rust_mozprofileYoGu02/search.json.mozlz4", (void 0)))
DevTools listening on ws://127.0.0.1:51089/devtools/browser/236654b7-1db4-4df3-9599-6a41bef65f7c
1677206588062	geckodriver	INFO	Listening on 127.0.0.1:51154
1677206588585	mozrunner::runner	INFO	Running command: "/Applications/Firefox.app/Contents/MacOS/firefox-bin" "--marionette" "--headless" "--remote-debugging-port" ... s" "localhost" "-foreground" "-no-remote" "-profile" "/var/folders/1h/4w391kn52y51w5mmd37_xfn80000gq/T/rust_mozprofile9c0cfL"
*** You are running in headless mode.
console.warn: services.settings: Ignoring preference override of remote settings server
console.warn: services.settings: Allow by setting MOZ_REMOTE_SETTINGS_DEVTOOLS=1 in the environment
console.error: Policies.jsm: 
  Unable to find certificate - gnm_root_ca.cer
1677206588953	Marionette	INFO	Marionette enabled
1677206589004	Marionette	INFO	Listening on port 51164
console.error: "Warning: unrecognized command line flag -remote-allow-hosts\n"
Read port: 51164
WebDriver BiDi listening on ws://127.0.0.1:51155
1677206589489	RemoteAgent	WARN	TLS certificate errors will be ignored for this session
[GFX1-]: RenderCompositorSWGL failed mapping default framebuffer, no dt
console.warn: SearchSettings: "get: No settings file exists, new profile?" (new NotFoundError("Could not open the file at /var/folders/1h/4w391kn52y51w5mmd37_xfn80000gq/T/rust_mozprofile9c0cfL/search.json.mozlz4", (void 0)))
DevTools listening on ws://127.0.0.1:51155/devtools/browser/5680764d-75f9-439f-8f1c-c26314c70837
1677206627934	geckodriver	INFO	Listening on 127.0.0.1:51220
1677206628455	mozrunner::runner	INFO	Running command: "/Applications/Firefox.app/Contents/MacOS/firefox-bin" "--marionette" "--headless" "--remote-debugging-port" ... s" "localhost" "-foreground" "-no-remote" "-profile" "/var/folders/1h/4w391kn52y51w5mmd37_xfn80000gq/T/rust_mozprofileExCmc2"
*** You are running in headless mode.
console.warn: services.settings: Ignoring preference override of remote settings server
console.warn: services.settings: Allow by setting MOZ_REMOTE_SETTINGS_DEVTOOLS=1 in the environment
console.error: Policies.jsm: 
  Unable to find certificate - gnm_root_ca.cer
1677206628800	Marionette	INFO	Marionette enabled
1677206628852	Marionette	INFO	Listening on port 51230
Read port: 51230
console.error: "Warning: unrecognized command line flag -remote-allow-hosts\n"
WebDriver BiDi listening on ws://127.0.0.1:51221
1677206629308	RemoteAgent	WARN	TLS certificate errors will be ignored for this session
[GFX1-]: RenderCompositorSWGL failed mapping default framebuffer, no dt
console.warn: SearchSettings: "get: No settings file exists, new profile?" (new NotFoundError("Could not open the file at /var/folders/1h/4w391kn52y51w5mmd37_xfn80000gq/T/rust_mozprofileExCmc2/search.json.mozlz4", (void 0)))
DevTools listening on ws://127.0.0.1:51221/devtools/browser/933ae51f-9a0f-4d05-9582-ec47dd199719
1677206696087	geckodriver	INFO	Listening on 127.0.0.1:51283
1677206696610	mozrunner::runner	INFO	Running command: "/Applications/Firefox.app/Contents/MacOS/firefox-bin" "--marionette" "--headless" "--remote-debugging-port" ... s" "localhost" "-foreground" "-no-remote" "-profile" "/var/folders/1h/4w391kn52y51w5mmd37_xfn80000gq/T/rust_mozprofiledysNx0"
*** You are running in headless mode.
console.warn: services.settings: Ignoring preference override of remote settings server
console.warn: services.settings: Allow by setting MOZ_REMOTE_SETTINGS_DEVTOOLS=1 in the environment
console.error: Policies.jsm: 
  Unable to find certificate - gnm_root_ca.cer
1677206696975	Marionette	INFO	Marionette enabled
1677206697029	Marionette	INFO	Listening on port 51293
console.error: "Warning: unrecognized command line flag -remote-allow-hosts\n"
Read port: 51293
WebDriver BiDi listening on ws://127.0.0.1:51284
1677206697470	RemoteAgent	WARN	TLS certificate errors will be ignored for this session
[GFX1-]: RenderCompositorSWGL failed mapping default framebuffer, no dt
console.warn: SearchSettings: "get: No settings file exists, new profile?" (new NotFoundError("Could not open the file at /var/folders/1h/4w391kn52y51w5mmd37_xfn80000gq/T/rust_mozprofiledysNx0/search.json.mozlz4", (void 0)))
DevTools listening on ws://127.0.0.1:51284/devtools/browser/2727c4fd-56df-4e4f-9a63-5742d9205476
1677206814662	geckodriver	INFO	Listening on 127.0.0.1:51365
1677206815185	mozrunner::runner	INFO	Running command: "/Applications/Firefox.app/Contents/MacOS/firefox-bin" "--marionette" "--headless" "--remote-debugging-port" ... s" "localhost" "-foreground" "-no-remote" "-profile" "/var/folders/1h/4w391kn52y51w5mmd37_xfn80000gq/T/rust_mozprofilebXyHEI"
*** You are running in headless mode.
console.warn: services.settings: Ignoring preference override of remote settings server
console.warn: services.settings: Allow by setting MOZ_REMOTE_SETTINGS_DEVTOOLS=1 in the environment
console.error: Policies.jsm: 
  Unable to find certificate - gnm_root_ca.cer
1677206815526	Marionette	INFO	Marionette enabled
1677206815578	Marionette	INFO	Listening on port 51374
Read port: 51374
console.error: "Warning: unrecognized command line flag -remote-allow-hosts\n"
WebDriver BiDi listening on ws://127.0.0.1:51366
1677206816023	RemoteAgent	WARN	TLS certificate errors will be ignored for this session
[GFX1-]: RenderCompositorSWGL failed mapping default framebuffer, no dt
console.warn: SearchSettings: "get: No settings file exists, new profile?" (new NotFoundError("Could not open the file at /var/folders/1h/4w391kn52y51w5mmd37_xfn80000gq/T/rust_mozprofilebXyHEI/search.json.mozlz4", (void 0)))
DevTools listening on ws://127.0.0.1:51366/devtools/browser/6db50e69-18fa-46d1-b8e9-1d39d45dec71
1677206859032	geckodriver	INFO	Listening on 127.0.0.1:51435
1677206859553	mozrunner::runner	INFO	Running command: "/Applications/Firefox.app/Contents/MacOS/firefox-bin" "--marionette" "--headless" "--remote-debugging-port" ... s" "localhost" "-foreground" "-no-remote" "-profile" "/var/folders/1h/4w391kn52y51w5mmd37_xfn80000gq/T/rust_mozprofileiZvdk4"
*** You are running in headless mode.
console.warn: services.settings: Ignoring preference override of remote settings server
console.warn: services.settings: Allow by setting MOZ_REMOTE_SETTINGS_DEVTOOLS=1 in the environment
console.error: Policies.jsm: 
  Unable to find certificate - gnm_root_ca.cer
1677206859920	Marionette	INFO	Marionette enabled
1677206859981	Marionette	INFO	Listening on port 51443
console.error: "Warning: unrecognized command line flag -remote-allow-hosts\n"
Read port: 51443
WebDriver BiDi listening on ws://127.0.0.1:51436
1677206860405	RemoteAgent	WARN	TLS certificate errors will be ignored for this session
[GFX1-]: RenderCompositorSWGL failed mapping default framebuffer, no dt
console.warn: SearchSettings: "get: No settings file exists, new profile?" (new NotFoundError("Could not open the file at /var/folders/1h/4w391kn52y51w5mmd37_xfn80000gq/T/rust_mozprofileiZvdk4/search.json.mozlz4", (void 0)))
DevTools listening on ws://127.0.0.1:51436/devtools/browser/4b08f535-1322-4701-89c3-be99745de047
1677206937547	geckodriver	INFO	Listening on 127.0.0.1:51515
1677206938069	mozrunner::runner	INFO	Running command: "/Applications/Firefox.app/Contents/MacOS/firefox-bin" "--marionette" "--headless" "--remote-debugging-port" ... s" "localhost" "-foreground" "-no-remote" "-profile" "/var/folders/1h/4w391kn52y51w5mmd37_xfn80000gq/T/rust_mozprofileoQjbc8"
*** You are running in headless mode.
console.warn: services.settings: Ignoring preference override of remote settings server
console.warn: services.settings: Allow by setting MOZ_REMOTE_SETTINGS_DEVTOOLS=1 in the environment
console.error: Policies.jsm: 
  Unable to find certificate - gnm_root_ca.cer
1677206938422	Marionette	INFO	Marionette enabled
1677206938476	Marionette	INFO	Listening on port 51524
Read port: 51524
console.error: "Warning: unrecognized command line flag -remote-allow-hosts\n"
WebDriver BiDi listening on ws://127.0.0.1:51516
1677206938903	RemoteAgent	WARN	TLS certificate errors will be ignored for this session
[GFX1-]: RenderCompositorSWGL failed mapping default framebuffer, no dt
console.warn: SearchSettings: "get: No settings file exists, new profile?" (new NotFoundError("Could not open the file at /var/folders/1h/4w391kn52y51w5mmd37_xfn80000gq/T/rust_mozprofileoQjbc8/search.json.mozlz4", (void 0)))
DevTools listening on ws://127.0.0.1:51516/devtools/browser/37aad8b4-844a-4446-83f8-07e28c8f2397
